<?xml version="1.0" encoding="UTF-8"?>
<testsuite name="LoginTests" tests="1" skipped="0" failures="0" errors="0" timestamp="2024-06-29T16:19:26" hostname="Giovannas-Air-2.lan" time="1.143">
  <properties/>
  <!-- This file must be checked in -->
  <testcase name="loginValidEmailPassword" classname="LoginTests" time="1.143"/>
  <system-out><![CDATA[]]></system-out>
  <system-err><![CDATA[]]></system-err>
</testsuite>
